C51 COMPILER V9.00   ADC                                                                   06/14/2020 22:29:17 PAGE 1   


C51 COMPILER V9.00, COMPILATION OF MODULE ADC
OBJECT MODULE PLACED IN .\Objects\adc.obj
COMPILER INVOKED BY: D:\Keil\C51\BIN\C51.EXE adc.c LARGE BROWSE DEBUG OBJECTEXTEND PRINT(.\Listings\adc.lst) OBJECT(.\Ob
                    -jects\adc.obj)

line level    source

   1          #include "stc8.h"
   2          #include "adc.h"
   3          
   4          void ADC_Init()
   5          {
   6   1              //open adc power
   7   1              ADC_CONTR |= 0x80;
   8   1              
   9   1              //set format to LSB.
  10   1              ADCCFG |= 0x20;
  11   1              
  12   1              //set speed
  13   1              ADCCFG &= ~0x0f;
  14   1      
  15   1              ADC_Get(ADC_CH_P1_1);
  16   1      }
  17          
  18          unsigned int ADC_Get(ADC_CH ch)
  19          {
  20   1              unsigned int var;
  21   1      
  22   1              ADC_CONTR &= ~0x20;
  23   1              
  24   1              //select ch
  25   1              ADC_CONTR &= 0xf0;
  26   1              ADC_CONTR |= ch;
  27   1              
  28   1              //start convert
  29   1              ADC_CONTR |= 0x40;
  30   1              
  31   1              //wait for convert finished
  32   1              while((ADC_CONTR & 0x20) != 0x20);
  33   1              
  34   1              //read result
  35   1              var = ADC_RES;
  36   1              var = var << 8;
  37   1              var += ADC_RESL;
  38   1              
  39   1              return var;
  40   1      }


MODULE INFORMATION:   STATIC OVERLAYABLE
   CODE SIZE        =     46    ----
   CONSTANT SIZE    =   ----    ----
   XDATA SIZE       =   ----    ----
   PDATA SIZE       =   ----    ----
   DATA SIZE        =   ----    ----
   IDATA SIZE       =   ----    ----
   BIT SIZE         =   ----    ----
END OF MODULE INFORMATION.


C51 COMPILATION COMPLETE.  0 WARNING(S),  0 ERROR(S)
