C51 COMPILER V9.00   DAC                                                                   06/21/2020 20:17:34 PAGE 1   


C51 COMPILER V9.00, COMPILATION OF MODULE DAC
OBJECT MODULE PLACED IN .\Objects\dac.obj
COMPILER INVOKED BY: D:\Keil\C51\BIN\C51.EXE dac.c LARGE BROWSE DEBUG OBJECTEXTEND PRINT(.\Listings\dac.lst) OBJECT(.\Ob
                    -jects\dac.obj)

line level    source

   1          #include "stc8.h"
   2          #include "dac.h"
   3          
   4          sbit scl = P3^5;
   5          sbit sda = P3^6;
   6          
   7          sbit a0 = P5^0;
   8          sbit a1 = P5^1;
   9          
  10          
  11          void InitI2C()
  12          {
  13   1              a0 = 0;
  14   1              a1 = 0;
  15   1      
  16   1              scl = 1;
  17   1              sda = 1;
  18   1      }
  19          
  20          
  21          void WriteI2C(unsigned char var)
  22          {
  23   1              //start bit
  24   1              sda = 0;
  25   1              scl = 0;
  26   1              
  27   1              //i2c write address
  28   1              SendWriteAddress();     
  29   1      
  30   1              //wait ack
  31   1              scl = 0;
  32   1              while(sda != 0);
  33   1              scl = 1;
  34   1      
  35   1              //i2c reg address
  36   1              SendByte(0x00);
  37   1      
  38   1              //wait ack
  39   1              scl = 0;
  40   1              while(sda != 0)
  41   1              scl = 1;
  42   1      
  43   1              //i2c reg value
  44   1              SendByte(var);
  45   1      
  46   1              //wait ack
  47   1              scl = 0;
  48   1              while(sda != 0);
  49   1              scl = 1;
  50   1      
  51   1              //stop bit
  52   1              scl = 1;
  53   1              sda = 1;
  54   1      }
C51 COMPILER V9.00   DAC                                                                   06/21/2020 20:17:34 PAGE 2   

  55          
  56          void SendWriteAddress()
  57          {
  58   1              unsigned char addr = 0x50,i;
  59   1              for(i=0;i<8;i++)
  60   1              {
  61   2                      scl = 0;
  62   2                      sda = ((addr & 0x80) >> 7);
  63   2                      scl = 1;
  64   2                      addr = (addr << 1);
  65   2              }
  66   1      }
  67          
  68          void SendByte(unsigned char val)
  69          {
  70   1              unsigned char value = val,i;
  71   1              for(i=0;i<8;i++)
  72   1              {
  73   2                      scl = 0;
  74   2                      sda = ((value & 0x80) >> 7);
  75   2                      scl = 1;
  76   2                      value = (value << 1);
  77   2              }       
  78   1      }
  79          


MODULE INFORMATION:   STATIC OVERLAYABLE
   CODE SIZE        =    122    ----
   CONSTANT SIZE    =   ----    ----
   XDATA SIZE       =   ----       1
   PDATA SIZE       =   ----    ----
   DATA SIZE        =   ----    ----
   IDATA SIZE       =   ----    ----
   BIT SIZE         =   ----    ----
END OF MODULE INFORMATION.


C51 COMPILATION COMPLETE.  0 WARNING(S),  0 ERROR(S)
