C51 COMPILER V9.00   UTILY                                                                 06/14/2020 22:14:09 PAGE 1   


C51 COMPILER V9.00, COMPILATION OF MODULE UTILY
OBJECT MODULE PLACED IN .\Objects\utily.obj
COMPILER INVOKED BY: D:\Keil\C51\BIN\C51.EXE utily.c LARGE BROWSE DEBUG OBJECTEXTEND PRINT(.\Listings\utily.lst) OBJECT(
                    -.\Objects\utily.obj)

line level    source

   1           #include "utily.h"
   2          
   3          
   4          /**************************************
   5          功能描述：延时函数
   6          入口参数：uint16 x ，该值为1时，延时1ms
   7          返回值：无
   8          ***************************************/
   9          void delay_ms(unsigned int x) 
  10          {  
  11   1              unsigned int j,i;   
  12   1              for(j=0;j<x;j++)   
  13   1              {    
  14   2                      for(i=0;i<1100;i++);   
  15   2              }  
  16   1      }


MODULE INFORMATION:   STATIC OVERLAYABLE
   CODE SIZE        =     32    ----
   CONSTANT SIZE    =   ----    ----
   XDATA SIZE       =   ----    ----
   PDATA SIZE       =   ----    ----
   DATA SIZE        =   ----    ----
   IDATA SIZE       =   ----    ----
   BIT SIZE         =   ----    ----
END OF MODULE INFORMATION.


C51 COMPILATION COMPLETE.  0 WARNING(S),  0 ERROR(S)
